::1 - - [03/Dec/2023:08:53:56 +0000] "GET /favicon.ico HTTP/1.1" 404 150
::1 - - [03/Dec/2023:09:08:47 +0000] "POST /v1/tasks HTTP/1.1" 500 47
::1 - - [03/Dec/2023:09:10:55 +0000] "PUT /v1/tasks/656c45dd4a40855df6c6938d HTTP/1.1" 500 46
::1 - - [03/Dec/2023:09:26:15 +0000] "PUT /v1/tasks/656c4952137fb49368cd0c47 HTTP/1.1" 500 46
::1 - - [04/Dec/2023:17:06:33 +0000] "POST /v1/tasks HTTP/1.1" 400 42
::1 - - [04/Dec/2023:17:11:34 +0000] "POST /v1/tasks HTTP/1.1" 400 42
::1 - - [04/Dec/2023:17:11:35 +0000] "POST /v1/tasks HTTP/1.1" 400 42
::1 - - [04/Dec/2023:17:11:35 +0000] "POST /v1/tasks HTTP/1.1" 400 42
::1 - - [04/Dec/2023:17:11:35 +0000] "POST /v1/tasks HTTP/1.1" 400 42
::1 - - [04/Dec/2023:17:11:35 +0000] "POST /v1/tasks HTTP/1.1" 400 42
::1 - - [04/Dec/2023:17:33:26 +0000] "POST /v1/tasks HTTP/1.1" 500 47
::1 - - [04/Dec/2023:17:33:27 +0000] "POST /v1/tasks HTTP/1.1" 500 47
::1 - - [04/Dec/2023:17:35:15 +0000] "POST /v1/tasks HTTP/1.1" 400 47
::1 - - [04/Dec/2023:17:35:20 +0000] "POST /v1/tasks HTTP/1.1" 400 47
::1 - - [04/Dec/2023:17:35:22 +0000] "POST /v1/tasks HTTP/1.1" 400 47
::1 - - [04/Dec/2023:17:35:23 +0000] "POST /v1/tasks HTTP/1.1" 400 47
::1 - - [04/Dec/2023:17:35:50 +0000] "POST /v1/tasks HTTP/1.1" 400 47
::1 - - [04/Dec/2023:17:35:56 +0000] "POST /v1/tasks HTTP/1.1" 400 47
::1 - - [04/Dec/2023:17:35:57 +0000] "POST /v1/tasks HTTP/1.1" 400 47
::1 - - [04/Dec/2023:17:37:11 +0000] "POST /v1/tasks HTTP/1.1" 400 47
::1 - - [04/Dec/2023:17:37:13 +0000] "POST /v1/tasks HTTP/1.1" 400 47
::1 - - [05/Dec/2023:01:39:34 +0000] "POST /v1/tasks HTTP/1.1" 500 47
::1 - - [05/Dec/2023:01:43:40 +0000] "POST /v1/tasks HTTP/1.1" 500 47
::1 - - [05/Dec/2023:01:44:09 +0000] "POST /v1/tasks HTTP/1.1" 500 47
::1 - - [05/Dec/2023:01:53:13 +0000] "POST /v1/tasks HTTP/1.1" 500 47
::1 - - [05/Dec/2023:01:54:22 +0000] "DELETE /v1/tasks/656e7f545c38c7681a22a5da HTTP/1.1" 404 39
::1 - - [05/Dec/2023:01:58:37 +0000] "POST /v1/tasks HTTP/1.1" 500 47
::1 - - [05/Dec/2023:02:00:00 +0000] "POST /v1/tasks HTTP/1.1" 400 47
::1 - - [05/Dec/2023:02:00:10 +0000] "POST /v1/tasks HTTP/1.1" 400 47
::1 - - [05/Dec/2023:02:01:19 +0000] "POST /v1/tasks HTTP/1.1" 500 47
::1 - - [05/Dec/2023:02:01:49 +0000] "POST /v1/tasks HTTP/1.1" 500 112
::1 - - [05/Dec/2023:02:09:55 +0000] "POST /v1/tasks HTTP/1.1" 500 112
::1 - - [05/Dec/2023:02:11:35 +0000] "GET /v1/ HTTP/1.1" 404 142
::1 - - [05/Dec/2023:02:12:54 +0000] "POST /v1/tasks HTTP/1.1" 400 51
::1 - - [05/Dec/2023:02:13:05 +0000] "POST /v1/tasks HTTP/1.1" 400 51
::1 - - [05/Dec/2023:02:13:43 +0000] "POST /v1/tasks HTTP/1.1" 500 112
::1 - - [05/Dec/2023:02:23:54 +0000] "POST /v1/tasks HTTP/1.1" 400 47
::1 - - [05/Dec/2023:14:50:20 +0000] "GET /favicon.ico HTTP/1.1" 404 150
::1 - - [06/Dec/2023:04:38:55 +0000] "GET /v1/task HTTP/1.1" 404 146
::1 - - [06/Dec/2023:04:43:59 +0000] "POST /v1/tasks HTTP/1.1" 400 60
::1 - - [06/Dec/2023:04:52:10 +0000] "POST /v1/tasks HTTP/1.1" 400 60
::1 - - [06/Dec/2023:05:45:01 +0000] "POST /v1/tasks HTTP/1.1" 400 60
::1 - - [06/Dec/2023:05:52:30 +0000] "POST /v1/tasks HTTP/1.1" 400 60
::1 - - [06/Dec/2023:06:00:08 +0000] "DELETE /v1/tasks/undefined HTTP/1.1" 500 46
::1 - - [06/Dec/2023:06:00:11 +0000] "DELETE /v1/tasks/undefined HTTP/1.1" 500 46
::1 - - [06/Dec/2023:06:00:11 +0000] "DELETE /v1/tasks/undefined HTTP/1.1" 500 46
::1 - - [06/Dec/2023:06:00:12 +0000] "DELETE /v1/tasks/undefined HTTP/1.1" 500 46
::1 - - [06/Dec/2023:06:00:12 +0000] "DELETE /v1/tasks/undefined HTTP/1.1" 500 46
::1 - - [06/Dec/2023:06:00:12 +0000] "DELETE /v1/tasks/undefined HTTP/1.1" 500 46
::1 - - [06/Dec/2023:06:00:13 +0000] "DELETE /v1/tasks/undefined HTTP/1.1" 500 46
::1 - - [06/Dec/2023:06:00:28 +0000] "DELETE /v1/tasks/undefined HTTP/1.1" 500 46
::1 - - [06/Dec/2023:06:00:29 +0000] "DELETE /v1/tasks/undefined HTTP/1.1" 500 46
::1 - - [06/Dec/2023:06:00:30 +0000] "DELETE /v1/tasks/undefined HTTP/1.1" 500 46
::1 - - [06/Dec/2023:06:00:30 +0000] "DELETE /v1/tasks/undefined HTTP/1.1" 500 46
::1 - - [06/Dec/2023:06:00:30 +0000] "DELETE /v1/tasks/undefined HTTP/1.1" 500 46
::1 - - [06/Dec/2023:06:00:31 +0000] "DELETE /v1/tasks/undefined HTTP/1.1" 500 46
::1 - - [06/Dec/2023:06:00:57 +0000] "DELETE /v1/tasks/undefined HTTP/1.1" 500 46
::1 - - [06/Dec/2023:06:00:57 +0000] "DELETE /v1/tasks/undefined HTTP/1.1" 500 46
::1 - - [06/Dec/2023:06:01:40 +0000] "DELETE /v1/tasks/656ff274deb99fd62b000999 HTTP/1.1" 404 39
::1 - - [06/Dec/2023:06:01:41 +0000] "DELETE /v1/tasks/656ff274deb99fd62b000999 HTTP/1.1" 404 39
::1 - - [06/Dec/2023:06:01:41 +0000] "DELETE /v1/tasks/656ff274deb99fd62b000999 HTTP/1.1" 404 39
::1 - - [06/Dec/2023:06:01:57 +0000] "DELETE /v1/tasks/656ff275deb99fd62b0009a2 HTTP/1.1" 404 39
::1 - - [06/Dec/2023:06:06:04 +0000] "DELETE /v1/tasks/656ff275deb99fd62b00099f HTTP/1.1" 404 39
::1 - - [06/Dec/2023:06:33:33 +0000] "POST /v1/tasks HTTP/1.1" 400 60
::1 - - [06/Dec/2023:06:48:09 +0000] "POST /v1/tasks HTTP/1.1" 400 60
::1 - - [06/Dec/2023:06:48:10 +0000] "POST /v1/tasks HTTP/1.1" 400 60
::1 - - [06/Dec/2023:06:48:10 +0000] "POST /v1/tasks HTTP/1.1" 400 60
::1 - - [07/Dec/2023:00:33:54 +0000] "GET /v1/tasks HTTP/1.1" 500 45
::1 - - [07/Dec/2023:08:22:57 +0000] "POST /v1/tasks HTTP/1.1" 400 60
::1 - - [07/Dec/2023:08:22:57 +0000] "POST /v1/tasks HTTP/1.1" 400 60
::1 - - [07/Dec/2023:08:22:57 +0000] "POST /v1/tasks HTTP/1.1" 400 60
::1 - - [07/Dec/2023:08:22:58 +0000] "POST /v1/tasks HTTP/1.1" 400 60
::1 - - [07/Dec/2023:08:51:35 +0000] "DELETE /v1/tasks/undefined HTTP/1.1" 500 46
::1 - - [07/Dec/2023:08:51:36 +0000] "DELETE /v1/tasks/undefined HTTP/1.1" 500 46
::1 - - [07/Dec/2023:08:51:36 +0000] "DELETE /v1/tasks/undefined HTTP/1.1" 500 46
::1 - - [07/Dec/2023:08:51:39 +0000] "DELETE /v1/tasks/undefined HTTP/1.1" 500 46
::1 - - [07/Dec/2023:08:51:39 +0000] "DELETE /v1/tasks/undefined HTTP/1.1" 500 46
::1 - - [07/Dec/2023:08:51:40 +0000] "DELETE /v1/tasks/undefined HTTP/1.1" 500 46
::1 - - [07/Dec/2023:08:51:40 +0000] "DELETE /v1/tasks/undefined HTTP/1.1" 500 46
::1 - - [07/Dec/2023:08:51:40 +0000] "DELETE /v1/tasks/undefined HTTP/1.1" 500 46
::1 - - [07/Dec/2023:08:51:41 +0000] "DELETE /v1/tasks/undefined HTTP/1.1" 500 46
::1 - - [07/Dec/2023:08:52:48 +0000] "PUT /v1/tasks/undefined HTTP/1.1" 500 46
::1 - - [07/Dec/2023:08:53:08 +0000] "DELETE /v1/tasks/undefined HTTP/1.1" 500 46
::1 - - [07/Dec/2023:08:54:07 +0000] "DELETE /v1/tasks/undefined HTTP/1.1" 500 46
::1 - - [07/Dec/2023:08:54:08 +0000] "DELETE /v1/tasks/undefined HTTP/1.1" 500 46
::1 - - [07/Dec/2023:08:54:08 +0000] "DELETE /v1/tasks/undefined HTTP/1.1" 500 46
::1 - - [07/Dec/2023:08:54:09 +0000] "DELETE /v1/tasks/undefined HTTP/1.1" 500 46
::1 - - [07/Dec/2023:08:54:09 +0000] "DELETE /v1/tasks/undefined HTTP/1.1" 500 46
::1 - - [07/Dec/2023:08:54:09 +0000] "DELETE /v1/tasks/undefined HTTP/1.1" 500 46
::1 - - [07/Dec/2023:08:54:09 +0000] "DELETE /v1/tasks/undefined HTTP/1.1" 500 46
::1 - - [07/Dec/2023:08:54:10 +0000] "DELETE /v1/tasks/undefined HTTP/1.1" 500 46
::1 - - [07/Dec/2023:08:54:12 +0000] "DELETE /v1/tasks/undefined HTTP/1.1" 500 46
::1 - - [07/Dec/2023:08:54:13 +0000] "DELETE /v1/tasks/undefined HTTP/1.1" 500 46
::1 - - [07/Dec/2023:08:54:32 +0000] "DELETE /v1/tasks/undefined HTTP/1.1" 500 46
::1 - - [07/Dec/2023:08:56:06 +0000] "DELETE /v1/tasks/undefined HTTP/1.1" 500 46
::1 - - [07/Dec/2023:08:56:14 +0000] "DELETE /v1/tasks/undefined HTTP/1.1" 500 46
::1 - - [07/Dec/2023:08:56:15 +0000] "DELETE /v1/tasks/undefined HTTP/1.1" 500 46
::1 - - [07/Dec/2023:09:02:34 +0000] "DELETE /v1/tasks/undefined HTTP/1.1" 500 46
::1 - - [07/Dec/2023:09:02:40 +0000] "DELETE /v1/tasks/undefined HTTP/1.1" 500 46
::1 - - [07/Dec/2023:09:02:43 +0000] "DELETE /v1/tasks/undefined HTTP/1.1" 500 46
::1 - - [07/Dec/2023:09:02:43 +0000] "DELETE /v1/tasks/undefined HTTP/1.1" 500 46
::1 - - [07/Dec/2023:09:03:37 +0000] "DELETE /v1/tasks/undefined HTTP/1.1" 500 46
::1 - - [07/Dec/2023:09:03:38 +0000] "DELETE /v1/tasks/undefined HTTP/1.1" 500 46
::1 - - [07/Dec/2023:09:03:45 +0000] "DELETE /v1/tasks/undefined HTTP/1.1" 500 46
::1 - - [07/Dec/2023:09:05:41 +0000] "PUT /v1/tasks/undefined HTTP/1.1" 500 46
::1 - - [07/Dec/2023:09:05:45 +0000] "PUT /v1/tasks/undefined HTTP/1.1" 500 46
::1 - - [07/Dec/2023:09:14:01 +0000] "DELETE /v1/tasks/657120240b407a5310334426 HTTP/1.1" 404 39
::1 - - [07/Dec/2023:09:14:03 +0000] "DELETE /v1/tasks/657120240b407a5310334426 HTTP/1.1" 404 39
::1 - - [07/Dec/2023:09:14:03 +0000] "DELETE /v1/tasks/657120240b407a5310334426 HTTP/1.1" 404 39
::1 - - [07/Dec/2023:09:14:03 +0000] "DELETE /v1/tasks/657120240b407a5310334426 HTTP/1.1" 404 39
::1 - - [07/Dec/2023:09:14:15 +0000] "DELETE /v1/tasks/657120240b407a531033442f HTTP/1.1" 404 39
::1 - - [07/Dec/2023:09:14:16 +0000] "DELETE /v1/tasks/657120240b407a531033442f HTTP/1.1" 404 39
::1 - - [07/Dec/2023:09:14:21 +0000] "DELETE /v1/tasks/657120240b407a5310334432 HTTP/1.1" 404 39
